<?xml version="1.0" encoding="UTF-8"?>
<!-- Generated by org.testng.reporters.JUnitReportReporter -->
<testsuite hostname="DESKTOP-VLVG783" failures="0" tests="1" name="com.qa.payload_types.PayloadAsFile" time="3.113" errors="0" timestamp="2020-10-26T08:26:43 IST" skipped="0">
  <testcase classname="com.qa.payload_types.PayloadAsFile" name="AddBook" time="3.113"/>
  <system-out/>
</testsuite> <!-- com.qa.payload_types.PayloadAsFile -->
