<?xml version="1.0" encoding="UTF-8"?>
<!-- Generated by org.testng.reporters.JUnitReportReporter -->
<testsuite hostname="DESKTOP-VLVG783" failures="0" tests="1" name="com.qa.payload_types.HashMapPayload" time="2.897" errors="0" timestamp="2020-10-26T08:15:05 IST" skipped="0">
  <testcase classname="com.qa.payload_types.HashMapPayload" name="AddBook" time="2.897"/>
  <system-out/>
</testsuite> <!-- com.qa.payload_types.HashMapPayload -->
