<?xml version="1.0" encoding="UTF-8"?>
<!-- Generated by org.testng.reporters.JUnitReportReporter -->
<testsuite hostname="DESKTOP-VLVG783" failures="0" tests="1" name="com.qa.jira_api.CreateIssue" time="6.403" errors="0" timestamp="2020-10-14T14:32:55 IST" skipped="0">
  <testcase classname="com.qa.jira_api.CreateIssue" name="createSessionId" time="6.403"/>
  <system-out/>
</testsuite> <!-- com.qa.jira_api.CreateIssue -->
