<?xml version="1.0" encoding="UTF-8"?>
<!-- Generated by org.testng.reporters.JUnitReportReporter -->
<testsuite hostname="DESKTOP-VLVG783" failures="0" tests="1" name="com.qa.jira_api.CreateIssue" time="49.608" errors="0" timestamp="2020-10-09T03:39:05 IST" skipped="0">
  <testcase classname="com.qa.jira_api.CreateIssue" name="createSessionId" time="49.608"/>
  <system-out/>
</testsuite> <!-- com.qa.jira_api.CreateIssue -->
