<?xml version="1.0" encoding="UTF-8"?>
<!-- Generated by org.testng.reporters.JUnitReportReporter -->
<testsuite hostname="DESKTOP-VLVG783" failures="0" tests="1" name="com.qa.jira_api.CreateSessionId" time="3.158" errors="0" timestamp="2020-10-02T20:35:24 IST" skipped="0">
  <testcase classname="com.qa.jira_api.CreateSessionId" name="createSessionId" time="3.158"/>
  <system-out/>
</testsuite> <!-- com.qa.jira_api.CreateSessionId -->
