<?xml version="1.0" encoding="UTF-8"?>
<!-- Generated by org.testng.reporters.JUnitReportReporter -->
<testsuite hostname="DESKTOP-VLVG783" failures="0" tests="1" name="com.qa.oauth2.O.AuthorizationCodeGrantType" time="6.004" errors="0" timestamp="2020-10-16T13:40:17 IST" skipped="0">
  <testcase classname="com.qa.oauth2.O.AuthorizationCodeGrantType" name="testAuthorisationCode" time="6.004"/>
  <system-out/>
</testsuite> <!-- com.qa.oauth2.O.AuthorizationCodeGrantType -->
