<?xml version="1.0" encoding="UTF-8"?>
<!-- Generated by org.testng.reporters.JUnitReportReporter -->
<testsuite hostname="DESKTOP-VLVG783" failures="0" tests="1" name="com.qa.oauth2.O.AuthorizationCodeGrantType" time="12.165" errors="0" timestamp="2020-10-29T07:53:33 IST" skipped="0">
  <testcase classname="com.qa.oauth2.O.AuthorizationCodeGrantType" name="testAuthorisationCode" time="12.165"/>
  <system-out/>
</testsuite> <!-- com.qa.oauth2.O.AuthorizationCodeGrantType -->
