<?xml version="1.0" encoding="UTF-8"?>
<!-- Generated by org.testng.reporters.JUnitReportReporter -->
<testsuite hostname="SujithComputer" failures="0" tests="1" name="com.qa.oauth2.O.AuthorizationCodeGrantType" time="3.153" errors="0" timestamp="2021-04-03T17:34:18 IST" skipped="0">
  <testcase classname="com.qa.oauth2.O.AuthorizationCodeGrantType" name="testAuthorisationCode" time="3.153"/>
  <system-out/>
</testsuite> <!-- com.qa.oauth2.O.AuthorizationCodeGrantType -->
