<?xml version="1.0" encoding="UTF-8"?>
<!-- Generated by org.testng.reporters.JUnitReportReporter -->
<testsuite hostname="DESKTOP-VLVG783" failures="0" tests="1" name="com.qa.oauth2.O.TestAuth" time="4.275" errors="0" timestamp="2020-10-16T13:00:21 IST" skipped="0">
  <testcase classname="com.qa.oauth2.O.TestAuth" name="testAuthorisationCode" time="4.275"/>
  <system-out/>
</testsuite> <!-- com.qa.oauth2.O.TestAuth -->
