<?xml version="1.0" encoding="UTF-8"?>
<!-- Generated by org.testng.reporters.JUnitReportReporter -->
<testsuite hostname="SujithComputer" failures="0" tests="1" name="test.OAuthTest" time="3.404" errors="0" timestamp="2021-04-03T19:05:15 IST" skipped="0">
  <testcase classname="test.OAuthTest" name="testAuthorisationCode" time="3.404"/>
  <system-out/>
</testsuite> <!-- test.OAuthTest -->
