<?xml version="1.0" encoding="UTF-8"?>
<!-- Generated by org.testng.reporters.JUnitReportReporter -->
<testsuite hostname="DESKTOP-VLVG783" failures="0" tests="1" name="test.AddPlaceTest" time="4.245" errors="0" timestamp="2020-11-23T08:30:23 IST" skipped="0">
  <testcase classname="test.AddPlaceTest" name="addPlaceTest" time="4.245"/>
  <system-out/>
</testsuite> <!-- test.AddPlaceTest -->
