<?xml version="1.0" encoding="UTF-8"?>
<!-- Generated by org.testng.reporters.JUnitReportReporter -->
<testsuite hostname="SujithComputer" failures="0" tests="1" name="test.AddPlaceTest" time="2.102" errors="0" timestamp="2021-04-03T19:19:43 IST" skipped="0">
  <testcase classname="test.AddPlaceTest" name="addPlaceTest" time="2.102"/>
  <system-out/>
</testsuite> <!-- test.AddPlaceTest -->
