<?xml version="1.0" encoding="UTF-8"?>
<!-- Generated by org.testng.reporters.JUnitReportReporter -->
<testsuite hostname="DESKTOP-VLVG783" failures="0" tests="1" name="OAuthTest.AddPlaceTest" time="9.774" errors="0" timestamp="2020-11-21T20:49:16 IST" skipped="0">
  <testcase classname="OAuthTest.AddPlaceTest" name="addPlaceTest" time="9.774"/>
  <system-out/>
</testsuite> <!-- OAuthTest.AddPlaceTest -->
