<?xml version="1.0" encoding="UTF-8"?>
<!-- Generated by org.testng.reporters.JUnitReportReporter -->
<testsuite hostname="DESKTOP-VLVG783" failures="0" tests="1" name="com.qa.googlemap.AddPlace" time="4.422" errors="0" timestamp="2020-11-21T18:03:54 IST" skipped="0">
  <testcase classname="com.qa.googlemap.AddPlace" name="addPlaceTest" time="4.422"/>
  <system-out/>
</testsuite> <!-- com.qa.googlemap.AddPlace -->
