<?xml version="1.0" encoding="UTF-8"?>
<!-- Generated by org.testng.reporters.JUnitReportReporter -->
<testsuite hostname="DESKTOP-VLVG783" failures="0" tests="1" name="com.qa.test.DeletePlace" time="4.702" errors="0" timestamp="2020-09-26T21:31:31 IST" skipped="0">
  <testcase classname="com.qa.test.DeletePlace" name="deletePlaceTest" time="4.702"/>
  <system-out/>
</testsuite> <!-- com.qa.test.DeletePlace -->
