<?xml version="1.0" encoding="UTF-8"?>
<!-- Generated by org.testng.reporters.JUnitReportReporter -->
<testsuite hostname="SujithComputer" failures="0" tests="1" name="com.qa.googlemap.DeletePlace" time="4.563" errors="0" timestamp="2021-04-02T13:40:52 IST" skipped="0">
  <testcase classname="com.qa.googlemap.DeletePlace" name="deletePlaceTest" time="4.563"/>
  <system-out/>
</testsuite> <!-- com.qa.googlemap.DeletePlace -->
