<?xml version="1.0" encoding="UTF-8"?>
<!-- Generated by org.testng.reporters.JUnitReportReporter -->
<testsuite hostname="SujithComputer" failures="0" tests="1" name="com.qa.googlemap.AddPlace" time="2.618" errors="0" timestamp="2021-04-02T13:40:07 IST" skipped="0">
  <testcase classname="com.qa.googlemap.AddPlace" name="addPlaceTest" time="2.618"/>
  <system-out/>
</testsuite> <!-- com.qa.googlemap.AddPlace -->
