<?xml version="1.0" encoding="UTF-8"?>
<!-- Generated by org.testng.reporters.JUnitReportReporter -->
<testsuite hostname="SujithComputer" failures="0" tests="1" name="com.qa.googlemap.UpdatePlace" time="4.444" errors="0" timestamp="2021-04-02T14:02:50 IST" skipped="0">
  <testcase classname="com.qa.googlemap.UpdatePlace" name="updatePlaceTest" time="4.444"/>
  <system-out/>
</testsuite> <!-- com.qa.googlemap.UpdatePlace -->
