<?xml version="1.0" encoding="UTF-8"?>
<!-- Generated by org.testng.reporters.JUnitReportReporter -->
<testsuite hostname="DESKTOP-VLVG783" failures="0" tests="1" name="com.qa.test.AddPlace" time="3.699" errors="0" timestamp="2020-09-26T21:28:35 IST" skipped="0">
  <testcase classname="com.qa.test.AddPlace" name="addPlaceTest" time="3.699"/>
  <system-out/>
</testsuite> <!-- com.qa.test.AddPlace -->
